<?xml version="1.0" encoding="UTF-8"?>
<!-- Generated by org.testng.reporters.JUnitReportReporter -->
<testsuite hostname="GAYATHRI" failures="0" tests="1" name="testt.Fblogintest" time="0.356" errors="0" timestamp="2023-06-28T22:28:48 IST" skipped="0">
  <testcase classname="testt.Fblogintest" name="fbtest" time="0.356"/>
  <system-out/>
</testsuite> <!-- testt.Fblogintest -->
