<?xml version="1.0" encoding="UTF-8"?>
<!-- Generated by org.testng.reporters.JUnitReportReporter -->
<testsuite hostname="GAYATHRI" failures="0" tests="1" name="testng.Weighttimepgm" time="7.125" errors="0" timestamp="2023-05-30T19:14:36 IST" skipped="0">
  <testcase classname="testng.Weighttimepgm" name="test1" time="7.125"/>
  <system-out/>
</testsuite> <!-- testng.Weighttimepgm -->
