<?xml version="1.0" encoding="UTF-8"?>
<!-- Generated by org.testng.reporters.JUnitReportReporter -->
<testsuite hostname="GAYATHRI" failures="0" tests="3" name="testng.Testnggrouping" time="0.008" errors="0" timestamp="2023-05-28T00:38:00 IST" skipped="0">
  <testcase classname="testng.Testnggrouping" name="test5" time="0.001"/>
  <system-out/>
  <testcase classname="testng.Testnggrouping" name="test1" time="0.006"/>
  <system-out/>
  <testcase classname="testng.Testnggrouping" name="test2" time="0.001"/>
  <system-out/>
</testsuite> <!-- testng.Testnggrouping -->
