<?xml version="1.0" encoding="UTF-8"?>
<!-- Generated by org.testng.reporters.JUnitReportReporter -->
<testsuite hostname="GAYATHRI" failures="0" tests="1" name="pkg.Fileuploadrobot" time="3.691" errors="0" timestamp="2023-06-06T12:55:10 IST" skipped="0">
  <testcase classname="pkg.Fileuploadrobot" name="fileuploadpgm" time="3.691"/>
  <system-out/>
</testsuite> <!-- pkg.Fileuploadrobot -->
