<?xml version="1.0" encoding="UTF-8"?>
<!-- Generated by org.testng.reporters.JUnitReportReporter -->
<testsuite hostname="GAYATHRI" failures="0" tests="1" name="testng.Copypastepgm" time="3.523" errors="0" timestamp="2023-05-30T07:09:51 IST" skipped="0">
  <testcase classname="testng.Copypastepgm" name="test1" time="3.523"/>
  <system-out/>
</testsuite> <!-- testng.Copypastepgm -->
