<?xml version="1.0" encoding="UTF-8"?>
<!-- Generated by org.testng.reporters.JUnitReportReporter -->
<testsuite hostname="GAYATHRI" failures="0" tests="1" name="mypractise.Junitscript2" time="6.937" errors="0" timestamp="2023-06-24T23:23:11 IST" skipped="0">
  <testcase classname="mypractise.Junitscript2" name="test" time="6.937"/>
  <system-out/>
</testsuite> <!-- mypractise.Junitscript2 -->
