<?xml version="1.0" encoding="UTF-8"?>
<!-- Generated by org.testng.reporters.JUnitReportReporter -->
<testsuite hostname="GAYATHRI" failures="0" tests="1" name="testng.Parametristion" time="0.094" errors="0" timestamp="2023-05-31T11:20:44 IST" skipped="0">
  <testcase classname="testng.Parametristion" name="test1" time="0.094"/>
  <system-out/>
</testsuite> <!-- testng.Parametristion -->
