<?xml version="1.0" encoding="UTF-8"?>
<!-- Generated by org.testng.reporters.JUnitReportReporter -->
<testsuite hostname="GAYATHRI" failures="0" tests="1" name="testng.Explicitwaitpgm" time="13.424" errors="0" timestamp="2023-05-30T23:02:56 IST" skipped="0">
  <testcase classname="testng.Explicitwaitpgm" name="test1" time="13.424"/>
  <system-out/>
</testsuite> <!-- testng.Explicitwaitpgm -->
