<?xml version="1.0" encoding="UTF-8"?>
<!-- Generated by org.testng.reporters.JUnitReportReporter -->
<testsuite hostname="GAYATHRI" failures="0" tests="1" name="test.Fblogintest" time="0.244" errors="0" timestamp="2023-06-25T22:11:22 IST" skipped="0">
  <testcase classname="test.Fblogintest" name="fbtest" time="0.244"/>
  <system-out/>
</testsuite> <!-- test.Fblogintest -->
