<?xml version="1.0" encoding="UTF-8"?>
<!-- Generated by org.testng.reporters.JUnitReportReporter -->
<testsuite hostname="GAYATHRI" failures="0" tests="1" name="testng.Fileuploadpgm" time="8.898" errors="0" timestamp="2023-06-09T10:37:46 IST" skipped="0">
  <testcase classname="testng.Fileuploadpgm" name="fileuploadpgm" time="8.898"/>
  <system-out/>
</testsuite> <!-- testng.Fileuploadpgm -->
