<?xml version="1.0" encoding="UTF-8"?>
<!-- Generated by org.testng.reporters.JUnitReportReporter -->
<testsuite hostname="GAYATHRI" failures="0" tests="1" name="testng.Datadriventes" time="0.767" errors="0" timestamp="2023-05-31T23:23:28 IST" skipped="0">
  <testcase classname="testng.Datadriventes" name="test" time="0.767"/>
  <system-out/>
</testsuite> <!-- testng.Datadriventes -->
